<?xml version="1.0" encoding="UTF-8"?>
<!-- Generated by org.testng.reporters.JUnitReportReporter -->
<testsuite skipped="0" hostname="YLMF-1711181457" name="com.mjitech.qa.test.AddSkuToCart" tests="6" failures="0" timestamp="13 三月 2019 05:30:49 GMT" time="26.843" errors="0">
  <testcase name="add_sku_to_cart" time="25.523" classname="com.mjitech.qa.test.AddSkuToCart"/>
  <testcase name="get_order_detail_by_takingnumber" time="0.196" classname="com.mjitech.qa.test.AddSkuToCart"/>
  <testcase name="submitCart" time="0.367" classname="com.mjitech.qa.test.AddSkuToCart"/>
  <testcase name="get_order_detail" time="0.098" classname="com.mjitech.qa.test.AddSkuToCart"/>
  <testcase name="getPayUrl" time="0.557" classname="com.mjitech.qa.test.AddSkuToCart"/>
  <testcase name="wxpay_callback_test" time="0.102" classname="com.mjitech.qa.test.AddSkuToCart"/>
</testsuite> <!-- com.mjitech.qa.test.AddSkuToCart -->
